# JRE version: OpenJDK Runtime Environment (11.0.1+13) (build 11.0.1+13-LTS)
# Java VM: OpenJDK 64-Bit Server VM (11.0.1+13-LTS, mixed mode, tiered, compressed oops, g1 gc, linux-amd64)
Heap:
 garbage-first heap   total 260096K, used 80988K [0x00000000c0000000, 0x0000000100000000)
  region size 1024K, 3 young (3072K), 0 survivors (0K)
 Metaspace       used 17245K, capacity 17721K, committed 17920K, reserved 1064960K
  class space    used 2253K, capacity 2440K, committed 2560K, reserved 1048576K
GC Heap History (10 events):
Event: 618.966 GC heap before
{Heap before GC invocations=1733 (full 5):
 garbage-first heap   total 260096K, used 228533K [0x00000000c0000000, 0x0000000100000000)
  region size 1024K, 147 young (150528K), 1 survivors (1024K)
 Metaspace       used 17240K, capacity 17721K, committed 17920K, reserved 1064960K
  class space    used 2253K, capacity 2440K, committed 2560K, reserved 1048576K
}
Event: 618.967 GC heap after
{Heap after GC invocations=1734 (full 5):
 garbage-first heap   total 260096K, used 79005K [0x00000000c0000000, 0x0000000100000000)
  region size 1024K, 1 young (1024K), 1 survivors (1024K)
 Metaspace       used 17240K, capacity 17721K, committed 17920K, reserved 1064960K
  class space    used 2253K, capacity 2440K, committed 2560K, reserved 1048576K
}
Event: 619.252 GC heap before
{Heap before GC invocations=1734 (full 5):
 garbage-first heap   total 260096K, used 228509K [0x00000000c0000000, 0x0000000100000000)
  region size 1024K, 147 young (150528K), 1 survivors (1024K)
 Metaspace       used 17240K, capacity 17721K, committed 17920K, reserved 1064960K
  class space    used 2253K, capacity 2440K, committed 2560K, reserved 1048576K
}
Event: 619.252 GC heap after
{Heap after GC invocations=1735 (full 5):
 garbage-first heap   total 260096K, used 79010K [0x00000000c0000000, 0x0000000100000000)
  region size 1024K, 1 young (1024K), 1 survivors (1024K)
 Metaspace       used 17240K, capacity 17721K, committed 17920K, reserved 1064960K
  class space    used 2253K, capacity 2440K, committed 2560K, reserved 1048576K
}
Event: 619.541 GC heap before
{Heap before GC invocations=1735 (full 5):
 garbage-first heap   total 260096K, used 228514K [0x00000000c0000000, 0x0000000100000000)
  region size 1024K, 147 young (150528K), 1 survivors (1024K)
 Metaspace       used 17240K, capacity 17721K, committed 17920K, reserved 1064960K
  class space    used 2253K, capacity 2440K, committed 2560K, reserved 1048576K
}
Event: 619.542 GC heap after
{Heap after GC invocations=1736 (full 5):
 garbage-first heap   total 260096K, used 79004K [0x00000000c0000000, 0x0000000100000000)
  region size 1024K, 1 young (1024K), 1 survivors (1024K)
 Metaspace       used 17240K, capacity 17721K, committed 17920K, reserved 1064960K
  class space    used 2253K, capacity 2440K, committed 2560K, reserved 1048576K
}
Event: 709.707 GC heap before
{Heap before GC invocations=1736 (full 5):
 garbage-first heap   total 260096K, used 171164K [0x00000000c0000000, 0x0000000100000000)
  region size 1024K, 92 young (94208K), 1 survivors (1024K)
 Metaspace       used 17240K, capacity 17721K, committed 17920K, reserved 1064960K
  class space    used 2253K, capacity 2440K, committed 2560K, reserved 1048576K
}
Event: 709.742 GC heap after
{Heap after GC invocations=1737 (full 6):
 garbage-first heap   total 260096K, used 78940K [0x00000000c0000000, 0x0000000100000000)
  region size 1024K, 0 young (0K), 0 survivors (0K)
 Metaspace       used 17240K, capacity 17721K, committed 17920K, reserved 1064960K
  class space    used 2253K, capacity 2440K, committed 2560K, reserved 1048576K
}
Event: 738.971 GC heap before
{Heap before GC invocations=1737 (full 6):
 garbage-first heap   total 260096K, used 78940K [0x00000000c0000000, 0x0000000100000000)
  region size 1024K, 1 young (1024K), 0 survivors (0K)
 Metaspace       used 17240K, capacity 17721K, committed 17920K, reserved 1064960K
  class space    used 2253K, capacity 2440K, committed 2560K, reserved 1048576K
}
Event: 739.002 GC heap after
{Heap after GC invocations=1738 (full 7):
 garbage-first heap   total 260096K, used 78940K [0x00000000c0000000, 0x0000000100000000)
  region size 1024K, 0 young (0K), 0 survivors (0K)
 Metaspace       used 17240K, capacity 17721K, committed 17920K, reserved 1064960K
  class space    used 2253K, capacity 2440K, committed 2560K, reserved 1048576K
}

