# JRE version: OpenJDK Runtime Environment (11.0.1+13) (build 11.0.1+13-LTS)
# Java VM: OpenJDK 64-Bit Server VM (11.0.1+13-LTS, mixed mode, tiered, compressed oops, g1 gc, linux-amd64)
Heap:
 garbage-first heap   total 266240K, used 79051K [0x00000000c0000000, 0x0000000100000000)
  region size 1024K, 2 young (2048K), 0 survivors (0K)
 Metaspace       used 17148K, capacity 17558K, committed 17920K, reserved 1064960K
  class space    used 2223K, capacity 2382K, committed 2560K, reserved 1048576K
GC Heap History (10 events):
Event: 26568.618 GC heap before
{Heap before GC invocations=1891 (full 2):
 garbage-first heap   total 266240K, used 235861K [0x00000000c0000000, 0x0000000100000000)
  region size 1024K, 154 young (157696K), 1 survivors (1024K)
 Metaspace       used 17253K, capacity 17724K, committed 17920K, reserved 1064960K
  class space    used 2252K, capacity 2440K, committed 2560K, reserved 1048576K
}
Event: 26568.619 GC heap after
{Heap after GC invocations=1892 (full 2):
 garbage-first heap   total 266240K, used 79016K [0x00000000c0000000, 0x0000000100000000)
  region size 1024K, 1 young (1024K), 1 survivors (1024K)
 Metaspace       used 17253K, capacity 17724K, committed 17920K, reserved 1064960K
  class space    used 2252K, capacity 2440K, committed 2560K, reserved 1048576K
}
Event: 26568.891 GC heap before
{Heap before GC invocations=1892 (full 2):
 garbage-first heap   total 266240K, used 235688K [0x00000000c0000000, 0x0000000100000000)
  region size 1024K, 154 young (157696K), 1 survivors (1024K)
 Metaspace       used 17253K, capacity 17724K, committed 17920K, reserved 1064960K
  class space    used 2252K, capacity 2440K, committed 2560K, reserved 1048576K
}
Event: 26568.892 GC heap after
{Heap after GC invocations=1893 (full 2):
 garbage-first heap   total 266240K, used 79020K [0x00000000c0000000, 0x0000000100000000)
  region size 1024K, 1 young (1024K), 1 survivors (1024K)
 Metaspace       used 17253K, capacity 17724K, committed 17920K, reserved 1064960K
  class space    used 2252K, capacity 2440K, committed 2560K, reserved 1048576K
}
Event: 26569.163 GC heap before
{Heap before GC invocations=1893 (full 2):
 garbage-first heap   total 266240K, used 235692K [0x00000000c0000000, 0x0000000100000000)
  region size 1024K, 154 young (157696K), 1 survivors (1024K)
 Metaspace       used 17253K, capacity 17724K, committed 17920K, reserved 1064960K
  class space    used 2252K, capacity 2440K, committed 2560K, reserved 1048576K
}
Event: 26569.164 GC heap after
{Heap after GC invocations=1894 (full 2):
 garbage-first heap   total 266240K, used 79016K [0x00000000c0000000, 0x0000000100000000)
  region size 1024K, 1 young (1024K), 1 survivors (1024K)
 Metaspace       used 17253K, capacity 17724K, committed 17920K, reserved 1064960K
  class space    used 2252K, capacity 2440K, committed 2560K, reserved 1048576K
}
Event: 26569.439 GC heap before
{Heap before GC invocations=1894 (full 2):
 garbage-first heap   total 266240K, used 235688K [0x00000000c0000000, 0x0000000100000000)
  region size 1024K, 154 young (157696K), 1 survivors (1024K)
 Metaspace       used 17253K, capacity 17724K, committed 17920K, reserved 1064960K
  class space    used 2252K, capacity 2440K, committed 2560K, reserved 1048576K
}
Event: 26569.440 GC heap after
{Heap after GC invocations=1895 (full 2):
 garbage-first heap   total 266240K, used 79028K [0x00000000c0000000, 0x0000000100000000)
  region size 1024K, 1 young (1024K), 1 survivors (1024K)
 Metaspace       used 17253K, capacity 17724K, committed 17920K, reserved 1064960K
  class space    used 2252K, capacity 2440K, committed 2560K, reserved 1048576K
}
Event: 28113.794 GC heap before
{Heap before GC invocations=1895 (full 2):
 garbage-first heap   total 266240K, used 210100K [0x00000000c0000000, 0x0000000100000000)
  region size 1024K, 130 young (133120K), 1 survivors (1024K)
 Metaspace       used 17253K, capacity 17724K, committed 17920K, reserved 1064960K
  class space    used 2252K, capacity 2440K, committed 2560K, reserved 1048576K
}
Event: 28113.860 GC heap after
{Heap after GC invocations=1896 (full 3):
 garbage-first heap   total 266240K, used 78027K [0x00000000c0000000, 0x0000000100000000)
  region size 1024K, 0 young (0K), 0 survivors (0K)
 Metaspace       used 17145K, capacity 17558K, committed 17920K, reserved 1064960K
  class space    used 2223K, capacity 2382K, committed 2560K, reserved 1048576K
}

